D, [2013-06-07T20:23:11.212335 #95971] DEBUG -- :   [1m[36m (4.0ms)[0m  [1mCREATE TABLE "schema_migrations" ("version" character varying(255) NOT NULL) [0m
D, [2013-06-07T20:23:11.217507 #95971] DEBUG -- :   [1m[35m (1.7ms)[0m  CREATE UNIQUE INDEX "unique_schema_migrations" ON "schema_migrations" ("version")
D, [2013-06-07T20:24:09.000417 #96391] DEBUG -- :   [1m[36m (0.5ms)[0m  [1mSELECT "schema_migrations"."version" FROM "schema_migrations" [0m
D, [2013-06-07T20:24:09.001598 #96391] DEBUG -- :   [1m[35m (0.2ms)[0m  SELECT "schema_migrations"."version" FROM "schema_migrations" 
D, [2013-06-07T20:24:23.071973 #96486] DEBUG -- :   [1m[36m (0.6ms)[0m  [1mSELECT "schema_migrations"."version" FROM "schema_migrations" [0m
D, [2013-06-07T20:24:59.656268 #96723] DEBUG -- :   [1m[36m (0.6ms)[0m  [1mSELECT "schema_migrations"."version" FROM "schema_migrations" [0m
D, [2013-06-07T20:25:26.125653 #96932] DEBUG -- :   [1m[36m (0.6ms)[0m  [1mSELECT "schema_migrations"."version" FROM "schema_migrations" [0m
I, [2013-06-07T20:25:26.125846 #96932]  INFO -- : Migrating to CreatePlayer (1)
D, [2013-06-07T20:25:26.126337 #96932] DEBUG -- :   [1m[35m (0.3ms)[0m  BEGIN
D, [2013-06-07T20:25:26.133458 #96932] DEBUG -- :   [1m[36m (0.8ms)[0m  [1mINSERT INTO "schema_migrations" ("version") VALUES ('1')[0m
D, [2013-06-07T20:25:26.134155 #96932] DEBUG -- :   [1m[35m (0.4ms)[0m  COMMIT
D, [2013-06-07T20:26:04.866833 #97182] DEBUG -- :   [1m[36m (0.7ms)[0m  [1mSELECT "schema_migrations"."version" FROM "schema_migrations" [0m
I, [2013-06-07T20:26:04.867027 #97182]  INFO -- : Migrating to CreatePlayer (1)
D, [2013-06-07T20:26:20.327384 #97283] DEBUG -- :   [1m[36m (0.5ms)[0m  [1mSELECT "schema_migrations"."version" FROM "schema_migrations" [0m
D, [2013-06-07T20:26:20.328664 #97283] DEBUG -- :   [1m[35m (0.1ms)[0m  SELECT "schema_migrations"."version" FROM "schema_migrations" 
D, [2013-06-07T20:26:20.330535 #97283] DEBUG -- :   [1m[36m (0.6ms)[0m  [1mSELECT "schema_migrations"."version" FROM "schema_migrations" [0m
I, [2013-06-07T20:26:20.330650 #97283]  INFO -- : Migrating to CreatePlayer (1)
D, [2013-06-07T20:26:20.331124 #97283] DEBUG -- :   [1m[35m (0.3ms)[0m  BEGIN
D, [2013-06-07T20:26:20.336024 #97283] DEBUG -- :   [1m[36m (0.9ms)[0m  [1mDELETE FROM "schema_migrations" WHERE "schema_migrations"."version" = '1'[0m
D, [2013-06-07T20:26:20.336837 #97283] DEBUG -- :   [1m[35m (0.6ms)[0m  COMMIT
D, [2013-06-07T20:27:01.345951 #97541] DEBUG -- :   [1m[36m (0.4ms)[0m  [1mSELECT "schema_migrations"."version" FROM "schema_migrations" [0m
D, [2013-06-07T20:27:06.910536 #97584] DEBUG -- :   [1m[36m (0.5ms)[0m  [1mSELECT "schema_migrations"."version" FROM "schema_migrations" [0m
D, [2013-06-07T20:27:06.912085 #97584] DEBUG -- :   [1m[35m (0.4ms)[0m  SELECT "schema_migrations"."version" FROM "schema_migrations" 
D, [2013-06-07T20:27:06.913898 #97584] DEBUG -- :   [1m[36m (0.4ms)[0m  [1mSELECT "schema_migrations"."version" FROM "schema_migrations" [0m
I, [2013-06-07T20:27:06.914005 #97584]  INFO -- : Migrating to CreatePlayer (1)
D, [2013-06-07T20:27:06.914458 #97584] DEBUG -- :   [1m[35m (0.3ms)[0m  BEGIN
D, [2013-06-07T20:27:06.920397 #97584] DEBUG -- :   [1m[36m (0.6ms)[0m  [1mINSERT INTO "schema_migrations" ("version") VALUES ('1')[0m
D, [2013-06-07T20:27:06.921406 #97584] DEBUG -- :   [1m[35m (0.7ms)[0m  COMMIT
D, [2013-06-07T20:27:42.865229 #97822] DEBUG -- :   [1m[36m (0.7ms)[0m  [1mSELECT "schema_migrations"."version" FROM "schema_migrations" [0m
D, [2013-06-07T20:27:42.866820 #97822] DEBUG -- :   [1m[35m (0.4ms)[0m  SELECT "schema_migrations"."version" FROM "schema_migrations" 
D, [2013-06-07T20:27:42.868685 #97822] DEBUG -- :   [1m[36m (0.4ms)[0m  [1mSELECT "schema_migrations"."version" FROM "schema_migrations" [0m
I, [2013-06-07T20:27:42.868805 #97822]  INFO -- : Migrating to CreatePlayer (1)
D, [2013-06-07T20:27:51.036751 #97881] DEBUG -- :   [1m[36m (0.7ms)[0m  [1mSELECT "schema_migrations"."version" FROM "schema_migrations" [0m
D, [2013-06-07T20:27:51.038425 #97881] DEBUG -- :   [1m[35m (0.4ms)[0m  SELECT "schema_migrations"."version" FROM "schema_migrations" 
D, [2013-06-07T20:27:51.040276 #97881] DEBUG -- :   [1m[36m (0.4ms)[0m  [1mSELECT "schema_migrations"."version" FROM "schema_migrations" [0m
I, [2013-06-07T20:27:51.040389 #97881]  INFO -- : Migrating to CreatePlayer (1)
D, [2013-06-07T20:27:51.040855 #97881] DEBUG -- :   [1m[35m (0.3ms)[0m  BEGIN
D, [2013-06-07T20:27:51.047961 #97881] DEBUG -- :   [1m[36m (0.6ms)[0m  [1mDROP TABLE "players"[0m
D, [2013-06-07T20:27:51.048076 #97881] DEBUG -- : PG::Error: ERROR:  table "players" does not exist
: DROP TABLE "players"
D, [2013-06-07T20:27:51.048399 #97881] DEBUG -- :   [1m[35m (0.1ms)[0m  ROLLBACK
D, [2013-06-07T20:28:00.184231 #97945] DEBUG -- :   [1m[36m (0.6ms)[0m  [1mSELECT "schema_migrations"."version" FROM "schema_migrations" [0m
D, [2013-06-07T20:28:00.185775 #97945] DEBUG -- :   [1m[35m (0.4ms)[0m  SELECT "schema_migrations"."version" FROM "schema_migrations" 
D, [2013-06-07T20:28:00.187610 #97945] DEBUG -- :   [1m[36m (0.4ms)[0m  [1mSELECT "schema_migrations"."version" FROM "schema_migrations" [0m
I, [2013-06-07T20:28:00.187725 #97945]  INFO -- : Migrating to CreatePlayer (1)
D, [2013-06-07T20:28:16.968980 #98062] DEBUG -- :   [1m[36m (3.3ms)[0m  [1mCREATE TABLE "schema_migrations" ("version" character varying(255) NOT NULL) [0m
D, [2013-06-07T20:28:16.974047 #98062] DEBUG -- :   [1m[35m (1.8ms)[0m  CREATE UNIQUE INDEX "unique_schema_migrations" ON "schema_migrations" ("version")
D, [2013-06-07T20:28:16.980092 #98062] DEBUG -- :   [1m[36m (0.6ms)[0m  [1mSELECT "schema_migrations"."version" FROM "schema_migrations" [0m
I, [2013-06-07T20:28:16.980252 #98062]  INFO -- : Migrating to CreatePlayer (1)
D, [2013-06-07T20:28:16.980623 #98062] DEBUG -- :   [1m[35m (0.1ms)[0m  BEGIN
D, [2013-06-07T20:28:16.989434 #98062] DEBUG -- :   [1m[36m (4.4ms)[0m  [1mCREATE TABLE "players" ("id" serial primary key, "name" character varying(255), "phone" character varying(255), "age" integer) [0m
D, [2013-06-07T20:28:16.991647 #98062] DEBUG -- :   [1m[35m (0.6ms)[0m  INSERT INTO "schema_migrations" ("version") VALUES ('1')
D, [2013-06-07T20:28:16.992470 #98062] DEBUG -- :   [1m[36m (0.5ms)[0m  [1mCOMMIT[0m
D, [2013-06-07T20:28:25.078900 #98121] DEBUG -- :   [1m[36m (0.7ms)[0m  [1mSELECT "schema_migrations"."version" FROM "schema_migrations" [0m
D, [2013-06-07T20:28:25.080262 #98121] DEBUG -- :   [1m[35m (0.1ms)[0m  SELECT "schema_migrations"."version" FROM "schema_migrations" 
D, [2013-06-07T20:28:25.081816 #98121] DEBUG -- :   [1m[36m (0.2ms)[0m  [1mSELECT "schema_migrations"."version" FROM "schema_migrations" [0m
I, [2013-06-07T20:28:25.082041 #98121]  INFO -- : Migrating to CreatePlayer (1)
D, [2013-06-07T20:28:25.082797 #98121] DEBUG -- :   [1m[35m (0.4ms)[0m  BEGIN
D, [2013-06-07T20:28:25.091011 #98121] DEBUG -- :   [1m[36m (1.9ms)[0m  [1mDROP TABLE "players"[0m
D, [2013-06-07T20:28:25.092522 #98121] DEBUG -- :   [1m[35m (0.7ms)[0m  DELETE FROM "schema_migrations" WHERE "schema_migrations"."version" = '1'
D, [2013-06-07T20:28:25.093656 #98121] DEBUG -- :   [1m[36m (0.9ms)[0m  [1mCOMMIT[0m
D, [2013-06-07T20:28:30.721485 #98164] DEBUG -- :   [1m[36m (0.5ms)[0m  [1mSELECT "schema_migrations"."version" FROM "schema_migrations" [0m
D, [2013-06-07T20:28:30.723114 #98164] DEBUG -- :   [1m[35m (0.4ms)[0m  SELECT "schema_migrations"."version" FROM "schema_migrations" 
D, [2013-06-07T20:28:30.724842 #98164] DEBUG -- :   [1m[36m (0.4ms)[0m  [1mSELECT "schema_migrations"."version" FROM "schema_migrations" [0m
I, [2013-06-07T20:28:30.724961 #98164]  INFO -- : Migrating to CreatePlayer (1)
D, [2013-06-07T20:28:30.725455 #98164] DEBUG -- :   [1m[35m (0.3ms)[0m  BEGIN
D, [2013-06-07T20:28:30.735592 #98164] DEBUG -- :   [1m[36m (5.5ms)[0m  [1mCREATE TABLE "players" ("id" serial primary key, "name" character varying(255), "phone" character varying(255), "age" integer) [0m
D, [2013-06-07T20:28:30.738072 #98164] DEBUG -- :   [1m[35m (0.6ms)[0m  INSERT INTO "schema_migrations" ("version") VALUES ('1')
D, [2013-06-07T20:28:30.738836 #98164] DEBUG -- :   [1m[36m (0.5ms)[0m  [1mCOMMIT[0m
D, [2013-06-07T20:28:35.906305 #98204] DEBUG -- :   [1m[36m (0.8ms)[0m  [1mSELECT "schema_migrations"."version" FROM "schema_migrations" [0m
D, [2013-06-07T20:28:35.908119 #98204] DEBUG -- :   [1m[35m (0.4ms)[0m  SELECT "schema_migrations"."version" FROM "schema_migrations" 
D, [2013-06-07T20:28:35.909832 #98204] DEBUG -- :   [1m[36m (0.2ms)[0m  [1mSELECT "schema_migrations"."version" FROM "schema_migrations" [0m
I, [2013-06-07T20:28:35.909963 #98204]  INFO -- : Migrating to CreatePlayer (1)
D, [2013-06-07T20:28:35.910263 #98204] DEBUG -- :   [1m[35m (0.1ms)[0m  BEGIN
D, [2013-06-07T20:28:35.918207 #98204] DEBUG -- :   [1m[36m (1.9ms)[0m  [1mDROP TABLE "players"[0m
D, [2013-06-07T20:28:35.920045 #98204] DEBUG -- :   [1m[35m (1.0ms)[0m  DELETE FROM "schema_migrations" WHERE "schema_migrations"."version" = '1'
D, [2013-06-07T20:28:35.921315 #98204] DEBUG -- :   [1m[36m (1.1ms)[0m  [1mCOMMIT[0m
